<?xml version="1.0" encoding="UTF-8"?>
<testng-results ignored="0" total="1" passed="1" failed="0" skipped="0">
  <reporter-output>
  </reporter-output>
  <suite started-at="2024-11-26T16:22:19 IST" name="Suite" finished-at="2024-11-26T16:22:20 IST" duration-ms="1576">
    <groups>
    </groups>
    <test started-at="2024-11-26T16:22:19 IST" name="Test" finished-at="2024-11-26T16:22:20 IST" duration-ms="1576">
      <class name="com.test.LoginTest">
        <test-method is-config="true" signature="setUP()[pri:0, instance:com.test.LoginTest@5f031ebd]" started-at="2024-11-26T16:22:05 IST" name="setUP" finished-at="2024-11-26T16:22:19 IST" duration-ms="13657" status="PASS">
          <reporter-output>
          </reporter-output>
        </test-method> <!-- setUP -->
        <test-method signature="loginWithValidUserNameAndValidPassword()[pri:0, instance:com.test.LoginTest@5f031ebd]" started-at="2024-11-26T16:22:19 IST" name="loginWithValidUserNameAndValidPassword" finished-at="2024-11-26T16:22:20 IST" duration-ms="1095" status="PASS">
          <reporter-output>
          </reporter-output>
        </test-method> <!-- loginWithValidUserNameAndValidPassword -->
        <test-method is-config="true" signature="tearDown()[pri:0, instance:com.test.LoginTest@5f031ebd]" started-at="2024-11-26T16:22:21 IST" name="tearDown" finished-at="2024-11-26T16:22:21 IST" duration-ms="261" status="PASS">
          <reporter-output>
          </reporter-output>
        </test-method> <!-- tearDown -->
      </class> <!-- com.test.LoginTest -->
    </test> <!-- Test -->
  </suite> <!-- Suite -->
</testng-results>
